-------------------------------------------------------------------------------
Test set: com.jmu.uacs.UacsBulletinApplicationTests
-------------------------------------------------------------------------------
Tests run: 1, Failures: 0, Errors: 1, Skipped: 0, Time elapsed: 8.288 s <<< FAILURE! - in com.jmu.uacs.UacsBulletinApplicationTests
contextLoads  Time elapsed: 0.022 s  <<< ERROR!
java.lang.IllegalStateException: Failed to load ApplicationContext
Caused by: org.springframework.beans.factory.BeanCreationException: Error creating bean with name 'sqlSessionFactory' defined in class path resource [org/mybatis/spring/boot/autoconfigure/MybatisAutoConfiguration.class]: Bean instantiation via factory method failed; nested exception is org.springframework.beans.BeanInstantiationException: Failed to instantiate [org.apache.ibatis.session.SqlSessionFactory]: Factory method 'sqlSessionFactory' threw exception; nested exception is java.io.FileNotFoundException: class path resource [mybatis/mybatis-config.xml] cannot be opened because it does not exist
Caused by: org.springframework.beans.BeanInstantiationException: Failed to instantiate [org.apache.ibatis.session.SqlSessionFactory]: Factory method 'sqlSessionFactory' threw exception; nested exception is java.io.FileNotFoundException: class path resource [mybatis/mybatis-config.xml] cannot be opened because it does not exist
Caused by: java.io.FileNotFoundException: class path resource [mybatis/mybatis-config.xml] cannot be opened because it does not exist

